<?xml version="1.0" encoding="UTF-8"?>
<!-- Generated by org.testng.reporters.JUnitReportReporter -->
<testsuite skipped="1" hostname="Alok-PC" name="com.testPages.postmanReq" tests="2" failures="0" timestamp="01 Jan 2019 17:13:05 GMT" time="5.368" errors="0">
  <testcase name="testStatusCode" time="5.368" classname="com.testPages.postmanReq"/>
  <testcase name="testBody" classname="com.testPages.postmanReq">
    <skipped/>
  </testcase> <!-- testBody -->
</testsuite> <!-- com.testPages.postmanReq -->
