<?xml version="1.0" encoding="UTF-8"?>
<!-- Generated by org.testng.reporters.JUnitReportReporter -->
<testsuite skipped="4" hostname="Alok-PC" name="APITesting.com.org.api.JsonPlaceHolderAPIex" tests="5" failures="0" timestamp="26 Aug 2018 16:19:31 GMT" time="3.140" errors="0">
  <testcase name="testPathParam" time="3.140" classname="APITesting.com.org.api.JsonPlaceHolderAPIex"/>
  <testcase name="testQueryParam" classname="APITesting.com.org.api.JsonPlaceHolderAPIex">
    <skipped/>
  </testcase> <!-- testQueryParam -->
  <testcase name="photos" classname="APITesting.com.org.api.JsonPlaceHolderAPIex">
    <skipped/>
  </testcase> <!-- photos -->
  <testcase name="logtypes" classname="APITesting.com.org.api.JsonPlaceHolderAPIex">
    <skipped/>
  </testcase> <!-- logtypes -->
  <testcase name="getCookies" classname="APITesting.com.org.api.JsonPlaceHolderAPIex">
    <skipped/>
  </testcase> <!-- getCookies -->
</testsuite> <!-- APITesting.com.org.api.JsonPlaceHolderAPIex -->
