<?xml version="1.0" encoding="UTF-8"?>
<!-- Generated by org.testng.reporters.JUnitReportReporter -->
<testsuite skipped="0" hostname="Alok-PC" name="APITesting.com.org.api.GoogleAPI" tests="1" failures="0" timestamp="24 Aug 2018 14:58:04 GMT" time="4.788" errors="0">
  <testcase name="validateGoogleResp" time="4.788" classname="APITesting.com.org.api.GoogleAPI"/>
</testsuite> <!-- APITesting.com.org.api.GoogleAPI -->
