<?xml version="1.0" encoding="UTF-8"?>
<!-- Generated by org.testng.reporters.JUnitReportReporter -->
<testsuite skipped="3" hostname="Alok-PC" name="APITesting.com.org.api.localReq" tests="5" failures="0" timestamp="14 Aug 2018 17:40:55 GMT" time="3.068" errors="0">
  <testcase name="deleteReq" time="2.078" classname="APITesting.com.org.api.localReq"/>
  <testcase name="test_PUT_Req" time="0.990" classname="APITesting.com.org.api.localReq"/>
  <testcase name="readData_Get" classname="APITesting.com.org.api.localReq">
    <skipped/>
  </testcase> <!-- readData_Get -->
  <testcase name="test_update_Post" classname="APITesting.com.org.api.localReq">
    <skipped/>
  </testcase> <!-- test_update_Post -->
  <testcase name="updateByPATCHReq" classname="APITesting.com.org.api.localReq">
    <skipped/>
  </testcase> <!-- updateByPATCHReq -->
</testsuite> <!-- APITesting.com.org.api.localReq -->
