<?xml version="1.0" encoding="UTF-8"?>
<!-- Generated by org.testng.reporters.JUnitReportReporter -->
<testsuite skipped="0" hostname="Alok-PC" name="APITesting.com.org.api.localReq" tests="1" failures="0" timestamp="13 Aug 2018 15:45:18 GMT" time="1.945" errors="0">
  <testcase name="test1" time="1.945" classname="APITesting.com.org.api.localReq"/>
</testsuite> <!-- APITesting.com.org.api.localReq -->
