<?xml version="1.0" encoding="UTF-8"?>
<!-- Generated by org.testng.reporters.JUnitReportReporter -->
<testsuite skipped="3" hostname="Alok-PC" name="APITesting.com.org.api.postmanReq" tests="4" failures="0" timestamp="16 Aug 2018 15:58:12 GMT" time="7.155" errors="0">
  <testcase name="testHeader" time="7.155" classname="APITesting.com.org.api.postmanReq"/>
  <testcase name="testBody" classname="APITesting.com.org.api.postmanReq">
    <skipped/>
  </testcase> <!-- testBody -->
  <testcase name="testStatusCode" classname="APITesting.com.org.api.postmanReq">
    <skipped/>
  </testcase> <!-- testStatusCode -->
  <testcase name="getResp" classname="APITesting.com.org.api.postmanReq">
    <skipped/>
  </testcase> <!-- getResp -->
</testsuite> <!-- APITesting.com.org.api.postmanReq -->
