<?xml version="1.0" encoding="UTF-8"?>
<!-- Generated by org.testng.reporters.JUnitReportReporter -->
<testsuite skipped="1" hostname="Alok-PC" name="APITesting.com.org.api.GoogleAPI" tests="2" failures="0" timestamp="29 Dec 2018 19:31:49 GMT" time="15.541" errors="0">
  <testcase name="testGoogleResp" time="15.541" classname="APITesting.com.org.api.GoogleAPI"/>
  <testcase name="validateGoogleResp" classname="APITesting.com.org.api.GoogleAPI">
    <skipped/>
  </testcase> <!-- validateGoogleResp -->
</testsuite> <!-- APITesting.com.org.api.GoogleAPI -->
