<?xml version="1.0" encoding="UTF-8"?>
<!-- Generated by org.testng.reporters.JUnitReportReporter -->
<testsuite skipped="8" hostname="Alok-PC" name="APITesting.com.org.api.JsonPlaceHolderAPIex" tests="9" failures="0" timestamp="27 Aug 2018 17:53:47 GMT" time="3.334" errors="0">
  <testcase name="setCookie" time="3.334" classname="APITesting.com.org.api.JsonPlaceHolderAPIex"/>
  <testcase name="testQueryParam" classname="APITesting.com.org.api.JsonPlaceHolderAPIex">
    <skipped/>
  </testcase> <!-- testQueryParam -->
  <testcase name="testPathParam" classname="APITesting.com.org.api.JsonPlaceHolderAPIex">
    <skipped/>
  </testcase> <!-- testPathParam -->
  <testcase name="photos" classname="APITesting.com.org.api.JsonPlaceHolderAPIex">
    <skipped/>
  </testcase> <!-- photos -->
  <testcase name="testPathParameter" classname="APITesting.com.org.api.JsonPlaceHolderAPIex">
    <skipped/>
  </testcase> <!-- testPathParameter -->
  <testcase name="logtypes" classname="APITesting.com.org.api.JsonPlaceHolderAPIex">
    <skipped/>
  </testcase> <!-- logtypes -->
  <testcase name="jsonPathEx" classname="APITesting.com.org.api.JsonPlaceHolderAPIex">
    <skipped/>
  </testcase> <!-- jsonPathEx -->
  <testcase name="testBodyParamsInResponse" classname="APITesting.com.org.api.JsonPlaceHolderAPIex">
    <skipped/>
  </testcase> <!-- testBodyParamsInResponse -->
  <testcase name="getCookies" classname="APITesting.com.org.api.JsonPlaceHolderAPIex">
    <skipped/>
  </testcase> <!-- getCookies -->
</testsuite> <!-- APITesting.com.org.api.JsonPlaceHolderAPIex -->
