<?xml version="1.0" encoding="UTF-8"?>
<!-- Generated by org.testng.reporters.JUnitReportReporter -->
<testsuite skipped="3" hostname="BLRRIDGWD22231" name="APITesting.com.org.api.localReq" tests="4" failures="0" timestamp="14 Aug 2018 12:03:09 GMT" time="1.103" errors="0">
  <testcase name="updateByPATCHReq" time="1.103" classname="APITesting.com.org.api.localReq"/>
  <testcase name="readData_Get" classname="APITesting.com.org.api.localReq">
    <skipped/>
  </testcase> <!-- readData_Get -->
  <testcase name="test_update_Post" classname="APITesting.com.org.api.localReq">
    <skipped/>
  </testcase> <!-- test_update_Post -->
  <testcase name="test_PUT_Req" classname="APITesting.com.org.api.localReq">
    <skipped/>
  </testcase> <!-- test_PUT_Req -->
</testsuite> <!-- APITesting.com.org.api.localReq -->
